<?xml version="1.0" encoding="UTF-8"?>
<!-- Generated by org.testng.reporters.JUnitReportReporter -->
<testsuite hostname="sys" name="stepDefination.TestRun" tests="1" failures="0" timestamp="2 Jun 2020 10:36:12 GMT" time="46.550" errors="0">
  <testcase name="feature" time="46.550" classname="stepDefination.TestRun"/>
</testsuite> <!-- stepDefination.TestRun -->
